[debug] [2022-12-15T22:29:47.722Z] ----------------------------------------------------------------------
[debug] [2022-12-15T22:29:47.724Z] Command:       C:\Program Files\nodejs\node.exe C:\Users\dminh\AppData\Roaming\npm\node_modules\firebase-tools\lib\bin\firebase.js init
[debug] [2022-12-15T22:29:47.724Z] CLI Version:   11.18.0
[debug] [2022-12-15T22:29:47.724Z] Platform:      win32
[debug] [2022-12-15T22:29:47.724Z] Node Version:  v17.0.1
[debug] [2022-12-15T22:29:47.725Z] Time:          Thu Dec 15 2022 17:29:47 GMT-0500 (Eastern Standard Time)
[debug] [2022-12-15T22:29:47.725Z] ----------------------------------------------------------------------
[debug] 
[debug] [2022-12-15T22:29:47.731Z] > command requires scopes: ["email","openid","https://www.googleapis.com/auth/cloudplatformprojects.readonly","https://www.googleapis.com/auth/firebase","https://www.googleapis.com/auth/cloud-platform"]
[debug] [2022-12-15T22:29:47.732Z] > authorizing via signed-in user (corydang0610@gmail.com)
[info] 
     ######## #### ########  ######## ########     ###     ######  ########
     ##        ##  ##     ## ##       ##     ##  ##   ##  ##       ##
     ######    ##  ########  ######   ########  #########  ######  ######
     ##        ##  ##    ##  ##       ##     ## ##     ##       ## ##
     ##       #### ##     ## ######## ########  ##     ##  ######  ########

You're about to initialize a Firebase project in this directory:

  E:\React\budget-app\client

[info] 
=== Project Setup
[info] 
[info] First, let's associate this project directory with a Firebase project.
[info] You can create multiple project aliases by running firebase use --add, 
[info] but for now we'll just set up a default project.
[info] 
[debug] [2022-12-15T22:29:58.916Z] >>> [apiv2][query] GET https://firebase.googleapis.com/v1beta1/projects pageSize=100
[debug] [2022-12-15T22:29:59.418Z] <<< [apiv2][status] GET https://firebase.googleapis.com/v1beta1/projects 200
[debug] [2022-12-15T22:29:59.419Z] <<< [apiv2][body] GET https://firebase.googleapis.com/v1beta1/projects [omitted]
[info] i  Using project smart-budget-3b881 (Smart Budget) 
[info] 
=== Hosting Setup
[info] 
[info] Your public directory is the folder (relative to your project directory) that
[info] will contain Hosting assets to be uploaded with firebase deploy. If you
[info] have a build process for your assets, use your build's output directory.
[info] 
[debug] [2022-12-15T22:30:23.503Z] >>> [apiv2][query] GET https://www.gstatic.com/firebasejs/releases.json [none]
[debug] [2022-12-15T22:30:23.653Z] <<< [apiv2][status] GET https://www.gstatic.com/firebasejs/releases.json 200
[debug] [2022-12-15T22:30:23.653Z] <<< [apiv2][body] GET https://www.gstatic.com/firebasejs/releases.json {"current":{"version":"9.15.0","browserURL":"https://www.gstatic.com/firebasejs/9.15.0/firebase.js","packageURL":"https://www.gstatic.com/firebasejs/9.15.0/firebase.tgz"},"live":{"version":"9.15","browserURL":"https://www.gstatic.com/firebasejs/live/9.15/firebase.js","packageURL":"https://www.gstatic.com/firebasejs/live/9.15/firebase.tgz"},"components":{"analytics":"https://www.gstatic.com/firebasejs/9.15.0/firebase-analytics.js","app":"https://www.gstatic.com/firebasejs/9.15.0/firebase-app.js","app-check":"https://www.gstatic.com/firebasejs/9.15.0/firebase-app-check.js","auth":"https://www.gstatic.com/firebasejs/9.15.0/firebase-auth.js","auth/cordova":"https://www.gstatic.com/firebasejs/9.15.0/firebase-auth/cordova.js","auth/react-native":"https://www.gstatic.com/firebasejs/9.15.0/firebase-auth/react-native.js","functions":"https://www.gstatic.com/firebasejs/9.15.0/firebase-functions.js","firestore":"https://www.gstatic.com/firebasejs/9.15.0/firebase-firestore.js","firestore/lite":"https://www.gstatic.com/firebasejs/9.15.0/firebase-firestore/lite.js","installations":"https://www.gstatic.com/firebasejs/9.15.0/firebase-installations.js","storage":"https://www.gstatic.com/firebasejs/9.15.0/firebase-storage.js","performance":"https://www.gstatic.com/firebasejs/9.15.0/firebase-performance.js","remote-config":"https://www.gstatic.com/firebasejs/9.15.0/firebase-remote-config.js","messaging":"https://www.gstatic.com/firebasejs/9.15.0/firebase-messaging.js","messaging/sw":"https://www.gstatic.com/firebasejs/9.15.0/firebase-messaging/sw.js","database":"https://www.gstatic.com/firebasejs/9.15.0/firebase-database.js","firestore.memory":"https://www.gstatic.com/firebasejs/9.15.0/firebase-firestore.memory.js"}}
[info] +  Wrote build/index.html 
[info] 
[info] i  Detected a .git folder at E:\React\budget-app\client 
[info] i  Authorizing with GitHub to upload your service account to a GitHub repository's secrets store. 
[info] 
[info] Visit this URL on this device to log in:
[info] https://github.com/login/oauth/authorize?client_id=89cf50f02ac6aaed3484&state=70347623&redirect_uri=http%3A%2F%2Flocalhost%3A9005&scope=read%3Auser%20repo%20public_repo
[info] 
[info] Waiting for authentication...
[debug] [2022-12-15T22:30:43.504Z] >>> [apiv2][query] POST https://github.com/login/oauth/access_token [none]
[debug] [2022-12-15T22:30:43.504Z] >>> [apiv2][body] POST https://github.com/login/oauth/access_token [stream]
[debug] [2022-12-15T22:30:43.755Z] <<< [apiv2][status] POST https://github.com/login/oauth/access_token 200
[debug] [2022-12-15T22:30:43.755Z] <<< [apiv2][body] POST https://github.com/login/oauth/access_token {"access_token":"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","token_type":"bearer","scope":"read:user,repo"}
[debug] [2022-12-15T22:30:43.758Z] >>> [apiv2][query] GET https://api.github.com/user [none]
[debug] [2022-12-15T22:30:44.068Z] <<< [apiv2][status] GET https://api.github.com/user 200
[debug] [2022-12-15T22:30:44.068Z] <<< [apiv2][body] GET https://api.github.com/user {"login":"minhnhat0610","id":43769717,"node_id":"MDQ6VXNlcjQzNzY5NzE3","avatar_url":"https://avatars.githubusercontent.com/u/43769717?v=4","gravatar_id":"","url":"https://api.github.com/users/minhnhat0610","html_url":"https://github.com/minhnhat0610","followers_url":"https://api.github.com/users/minhnhat0610/followers","following_url":"https://api.github.com/users/minhnhat0610/following{/other_user}","gists_url":"https://api.github.com/users/minhnhat0610/gists{/gist_id}","starred_url":"https://api.github.com/users/minhnhat0610/starred{/owner}{/repo}","subscriptions_url":"https://api.github.com/users/minhnhat0610/subscriptions","organizations_url":"https://api.github.com/users/minhnhat0610/orgs","repos_url":"https://api.github.com/users/minhnhat0610/repos","events_url":"https://api.github.com/users/minhnhat0610/events{/privacy}","received_events_url":"https://api.github.com/users/minhnhat0610/received_events","type":"User","site_admin":false,"name":"Cory Dang","company":null,"blog":"","location":null,"email":null,"hireable":null,"bio":null,"twitter_username":null,"public_repos":17,"public_gists":0,"followers":0,"following":0,"created_at":"2018-10-02T02:44:12Z","updated_at":"2022-07-21T21:10:29Z","private_gists":0,"total_private_repos":1,"owned_private_repos":1,"disk_usage":245383,"collaborators":0,"two_factor_authentication":false,"plan":{"name":"free","space":976562499,"collaborators":0,"private_repos":10000}}
[info] 
[info] +  Success! Logged into GitHub as minhnhat0610 
[info] 
